<?xml version="1.0" encoding="UTF-8" ?>
<testsuite tests="1" failures="0" name="com.datasalt.pangool.examples.naivebayes.TestNaiveBayes" time="3.129" errors="1" skipped="0">
  <properties>
[...]
</properties>
  <testcase classname="com.datasalt.pangool.examples.naivebayes.TestNaiveBayes" name="test" time="3.129">
    <error message="org.apache.hadoop.fs.Path" type="java.io.NotSerializableException">java.io.NotSerializableException: org.apache.hadoop.fs.Path
	at java.io.ObjectOutputStream.writeObject0(ObjectOutputStream.java:1184)
	at java.io.ObjectOutputStream.defaultWriteFields(ObjectOutputStream.java:1548)
	at java.io.ObjectOutputStream.writeSerialData(ObjectOutputStream.java:1509)
	at java.io.ObjectOutputStream.writeOrdinaryObject(ObjectOutputStream.java:1432)
	at java.io.ObjectOutputStream.writeObject0(ObjectOutputStream.java:1178)
	at java.io.ObjectOutputStream.writeObject(ObjectOutputStream.java:348)
	at com.datasalt.pangool.utils.InstancesDistributor.distribute(InstancesDistributor.java:75)
	at com.datasalt.pangool.tuplemr.mapred.lib.input.PangoolMultipleInputs.addInputPath(PangoolMultipleInputs.java:74)
	at com.datasalt.pangool.tuplemr.MultipleInputsInterface.configureJob(MultipleInputsInterface.java:55)
	at com.datasalt.pangool.tuplemr.MapOnlyJobBuilder.createJob(MapOnlyJobBuilder.java:238)
	at com.datasalt.pangool.examples.naivebayes.NaiveBayesClassifier.run(NaiveBayesClassifier.java:128)
	at org.apache.hadoop.util.ToolRunner.run(ToolRunner.java:70)
	at com.datasalt.pangool.examples.naivebayes.TestNaiveBayes.test(TestNaiveBayes.java:39)
	at sun.reflect.NativeMethodAccessorImpl.invoke0(Native Method)
	at sun.reflect.NativeMethodAccessorImpl.invoke(NativeMethodAccessorImpl.java:62)
	at sun.reflect.DelegatingMethodAccessorImpl.invoke(DelegatingMethodAccessorImpl.java:43)
	at java.lang.reflect.Method.invoke(Method.java:483)
	at org.junit.runners.model.FrameworkMethod$1.runReflectiveCall(FrameworkMethod.java:44)
	at org.junit.internal.runners.model.ReflectiveCallable.run(ReflectiveCallable.java:15)
	at org.junit.runners.model.FrameworkMethod.invokeExplosively(FrameworkMethod.java:41)
	at org.junit.internal.runners.statements.InvokeMethod.evaluate(InvokeMethod.java:20)
	at org.junit.internal.runners.statements.RunBefores.evaluate(RunBefores.java:28)
	at org.junit.runners.BlockJUnit4ClassRunner.runNotIgnored(BlockJUnit4ClassRunner.java:79)
	at org.junit.runners.BlockJUnit4ClassRunner.runChild(BlockJUnit4ClassRunner.java:71)
	at org.junit.runners.BlockJUnit4ClassRunner.runChild(BlockJUnit4ClassRunner.java:49)
	at org.junit.runners.ParentRunner$3.run(ParentRunner.java:193)
	at org.junit.runners.ParentRunner$1.schedule(ParentRunner.java:52)
	at org.junit.runners.ParentRunner.runChildren(ParentRunner.java:191)
	at org.junit.runners.ParentRunner.access$000(ParentRunner.java:42)
	at org.junit.runners.ParentRunner$2.evaluate(ParentRunner.java:184)
	at org.junit.runners.ParentRunner.run(ParentRunner.java:236)
	at org.apache.maven.surefire.junit4.JUnit4Provider.execute(JUnit4Provider.java:236)
	at org.apache.maven.surefire.junit4.JUnit4Provider.executeTestSet(JUnit4Provider.java:134)
	at org.apache.maven.surefire.junit4.JUnit4Provider.invoke(JUnit4Provider.java:113)
	at sun.reflect.NativeMethodAccessorImpl.invoke0(Native Method)
	at sun.reflect.NativeMethodAccessorImpl.invoke(NativeMethodAccessorImpl.java:62)
	at sun.reflect.DelegatingMethodAccessorImpl.invoke(DelegatingMethodAccessorImpl.java:43)
	at java.lang.reflect.Method.invoke(Method.java:483)
	at org.apache.maven.surefire.util.ReflectionUtils.invokeMethodWithArray(ReflectionUtils.java:189)
	at org.apache.maven.surefire.booter.ProviderFactory$ProviderProxy.invoke(ProviderFactory.java:165)
	at org.apache.maven.surefire.booter.ProviderFactory.invokeProvider(ProviderFactory.java:85)
	at org.apache.maven.surefire.booter.ForkedBooter.runSuitesInProcess(ForkedBooter.java:103)
	at org.apache.maven.surefire.booter.ForkedBooter.main(ForkedBooter.java:74)
</error>
    <system-out>2014-10-25 21:34:58,605 [main] WARN  org.apache.hadoop.security.authentication.util.KerberosName - Kerberos krb5 configuration not found, setting default realm to empty
2014-10-25 21:34:59,847 [main] WARN  org.apache.hadoop.util.NativeCodeLoader - Unable to load native-hadoop library for your platform... using builtin-java classes where applicable
2014-10-25 21:34:59,929 [main] WARN  org.apache.hadoop.conf.Configuration - session.id is deprecated. Instead, use dfs.metrics.session-id
2014-10-25 21:34:59,930 [main] INFO  org.apache.hadoop.metrics.jvm.JvmMetrics - Initializing JVM Metrics with processName=JobTracker, sessionId=
2014-10-25 21:34:59,950 [main] WARN  org.apache.hadoop.mapreduce.JobSubmitter - No job jar file set.  User classes may not be found. See Job or Job#setJar(String).
2014-10-25 21:35:00,007 [main] INFO  org.apache.hadoop.mapreduce.lib.input.FileInputFormat - Total input paths to process : 1
2014-10-25 21:35:00,013 [main] WARN  org.apache.hadoop.io.compress.snappy.LoadSnappy - Snappy native library not loaded
2014-10-25 21:35:00,059 [main] INFO  org.apache.hadoop.mapreduce.JobSubmitter - number of splits:1
2014-10-25 21:35:00,066 [main] WARN  org.apache.hadoop.conf.Configuration - mapred.job.name is deprecated. Instead, use mapreduce.job.name
2014-10-25 21:35:00,066 [main] WARN  org.apache.hadoop.conf.Configuration - mapred.cache.files.timestamps is deprecated. Instead, use mapreduce.job.cache.files.timestamps
2014-10-25 21:35:00,066 [main] WARN  org.apache.hadoop.conf.Configuration - mapreduce.map.class is deprecated. Instead, use mapreduce.job.map.class
2014-10-25 21:35:00,067 [main] WARN  org.apache.hadoop.conf.Configuration - mapred.used.genericoptionsparser is deprecated. Instead, use mapreduce.client.genericoptionsparser.used
2014-10-25 21:35:00,067 [main] WARN  org.apache.hadoop.conf.Configuration - mapreduce.reduce.class is deprecated. Instead, use mapreduce.job.reduce.class
2014-10-25 21:35:00,067 [main] WARN  org.apache.hadoop.conf.Configuration - mapreduce.inputformat.class is deprecated. Instead, use mapreduce.job.inputformat.class
2014-10-25 21:35:00,067 [main] WARN  org.apache.hadoop.conf.Configuration - mapred.output.value.groupfn.class is deprecated. Instead, use mapreduce.job.output.group.comparator.class
2014-10-25 21:35:00,067 [main] WARN  org.apache.hadoop.conf.Configuration - mapreduce.outputformat.class is deprecated. Instead, use mapreduce.job.outputformat.class
2014-10-25 21:35:00,067 [main] WARN  org.apache.hadoop.conf.Configuration - mapred.output.value.class is deprecated. Instead, use mapreduce.job.output.value.class
2014-10-25 21:35:00,067 [main] WARN  org.apache.hadoop.conf.Configuration - mapred.output.dir is deprecated. Instead, use mapreduce.output.fileoutputformat.outputdir
2014-10-25 21:35:00,067 [main] WARN  org.apache.hadoop.conf.Configuration - mapred.cache.files is deprecated. Instead, use mapreduce.job.cache.files
2014-10-25 21:35:00,067 [main] WARN  org.apache.hadoop.conf.Configuration - mapred.working.dir is deprecated. Instead, use mapreduce.job.working.dir
2014-10-25 21:35:00,067 [main] WARN  org.apache.hadoop.conf.Configuration - mapreduce.combine.class is deprecated. Instead, use mapreduce.job.combine.class
2014-10-25 21:35:00,068 [main] WARN  org.apache.hadoop.conf.Configuration - mapred.mapoutput.value.class is deprecated. Instead, use mapreduce.map.output.value.class
2014-10-25 21:35:00,068 [main] WARN  org.apache.hadoop.conf.Configuration - mapred.map.tasks is deprecated. Instead, use mapreduce.job.maps
2014-10-25 21:35:00,068 [main] WARN  org.apache.hadoop.conf.Configuration - mapred.mapoutput.key.class is deprecated. Instead, use mapreduce.map.output.key.class
2014-10-25 21:35:00,068 [main] WARN  org.apache.hadoop.conf.Configuration - mapred.output.key.comparator.class is deprecated. Instead, use mapreduce.job.output.key.comparator.class
2014-10-25 21:35:00,068 [main] WARN  org.apache.hadoop.conf.Configuration - mapreduce.partitioner.class is deprecated. Instead, use mapreduce.job.partitioner.class
2014-10-25 21:35:00,068 [main] WARN  org.apache.hadoop.conf.Configuration - mapred.output.key.class is deprecated. Instead, use mapreduce.job.output.key.class
2014-10-25 21:35:00,146 [main] WARN  org.apache.hadoop.conf.Configuration - file:/tmp/hadoop-hansondg/mapred/staging/hansondg1359370808/.staging/job_local_0001/job.xml:an attempt to override final parameter: mapreduce.job.end-notification.max.retry.interval;  Ignoring.
2014-10-25 21:35:00,146 [main] WARN  org.apache.hadoop.conf.Configuration - file:/tmp/hadoop-hansondg/mapred/staging/hansondg1359370808/.staging/job_local_0001/job.xml:an attempt to override final parameter: mapreduce.job.end-notification.max.attempts;  Ignoring.
2014-10-25 21:35:00,337 [main] INFO  org.apache.hadoop.mapred.LocalDistributedCacheManager - Localized file:/home/hansondg/workspace/pangool/examples/pangool-instances/d1db8942-c5b5-4c46-8330-a29cba958a51.combiner-handler.dat as file:/tmp/hadoop-hansondg/mapred/local/-4048753922795654575/d1db8942-c5b5-4c46-8330-a29cba958a51.combiner-handler.dat
2014-10-25 21:35:00,353 [main] INFO  org.apache.hadoop.mapred.LocalDistributedCacheManager - Localized file:/home/hansondg/workspace/pangool/examples/pangool-instances/0578f1f3-9b83-4101-a7c6-9b0df7e4362c.group-handler.dat as file:/tmp/hadoop-hansondg/mapred/local/-6822394582678209683/0578f1f3-9b83-4101-a7c6-9b0df7e4362c.group-handler.dat
2014-10-25 21:35:00,363 [main] INFO  org.apache.hadoop.mapred.LocalDistributedCacheManager - Localized file:/home/hansondg/workspace/pangool/examples/pangool-instances/db0fd77e-8182-4186-9b2d-09323505f8f3.mapper.dat as file:/tmp/hadoop-hansondg/mapred/local/582378071999559820/db0fd77e-8182-4186-9b2d-09323505f8f3.mapper.dat
2014-10-25 21:35:00,364 [main] INFO  org.apache.hadoop.mapred.LocalDistributedCacheManager - Localized file:/home/hansondg/workspace/pangool/examples/pangool-instances/7c2415f7-6167-4f98-a078-f5659f5451db.inputFormat.dat as file:/tmp/hadoop-hansondg/mapred/local/5662881911254936362/7c2415f7-6167-4f98-a078-f5659f5451db.inputFormat.dat
2014-10-25 21:35:00,370 [main] WARN  org.apache.hadoop.conf.Configuration - mapred.cache.localFiles is deprecated. Instead, use mapreduce.job.cache.local.files
2014-10-25 21:35:00,417 [main] WARN  org.apache.hadoop.conf.Configuration - file:/tmp/hadoop-hansondg/mapred/local/localRunner/job_local_0001.xml:an attempt to override final parameter: mapreduce.job.end-notification.max.retry.interval;  Ignoring.
2014-10-25 21:35:00,418 [main] WARN  org.apache.hadoop.conf.Configuration - file:/tmp/hadoop-hansondg/mapred/local/localRunner/job_local_0001.xml:an attempt to override final parameter: mapreduce.job.end-notification.max.attempts;  Ignoring.
2014-10-25 21:35:00,422 [main] INFO  org.apache.hadoop.mapreduce.Job - The url to track the job: http://localhost:8080/
2014-10-25 21:35:00,423 [main] INFO  org.apache.hadoop.mapreduce.Job - Running job: job_local_0001
2014-10-25 21:35:00,424 [Thread-26] INFO  org.apache.hadoop.mapred.LocalJobRunner - OutputCommitter set in config null
2014-10-25 21:35:00,429 [Thread-26] WARN  org.apache.hadoop.conf.Configuration - mapred.output.dir is deprecated. Instead, use mapreduce.output.fileoutputformat.outputdir
2014-10-25 21:35:00,432 [Thread-26] INFO  org.apache.hadoop.mapred.LocalJobRunner - OutputCommitter is com.datasalt.pangool.tuplemr.mapred.lib.output.ProxyOutputFormat$ProxyOutputCommitter
2014-10-25 21:35:00,436 [Thread-26] INFO  org.apache.hadoop.mapred.LocalJobRunner - Waiting for map tasks
2014-10-25 21:35:00,436 [LocalJobRunner Map Task Executor #0] INFO  org.apache.hadoop.mapred.LocalJobRunner - Starting task: attempt_local_0001_m_000000_0
2014-10-25 21:35:00,463 [LocalJobRunner Map Task Executor #0] INFO  org.apache.hadoop.mapred.Task -  Using ResourceCalculatorPlugin : org.apache.hadoop.yarn.util.LinuxResourceCalculatorPlugin@36d71a09
2014-10-25 21:35:00,487 [LocalJobRunner Map Task Executor #0] INFO  org.apache.hadoop.mapred.MapTask - (EQUATOR) 0 kvi 26214396(104857584)
2014-10-25 21:35:00,487 [LocalJobRunner Map Task Executor #0] INFO  org.apache.hadoop.mapred.MapTask - mapreduce.task.io.sort.mb: 100
2014-10-25 21:35:00,487 [LocalJobRunner Map Task Executor #0] INFO  org.apache.hadoop.mapred.MapTask - soft limit at 83886080
2014-10-25 21:35:00,487 [LocalJobRunner Map Task Executor #0] INFO  org.apache.hadoop.mapred.MapTask - bufstart = 0; bufvoid = 104857600
2014-10-25 21:35:00,487 [LocalJobRunner Map Task Executor #0] INFO  org.apache.hadoop.mapred.MapTask - kvstart = 26214396; length = 6553600
2014-10-25 21:35:00,503 [LocalJobRunner Map Task Executor #0] INFO  com.datasalt.pangool.tuplemr.mapred.lib.input.DelegatingMapper - [profile] Got input split. Going to look at DC.
2014-10-25 21:35:00,506 [LocalJobRunner Map Task Executor #0] INFO  com.datasalt.pangool.tuplemr.mapred.lib.input.DelegatingMapper - [profile] Finished. Calling run() on delegate.
2014-10-25 21:35:00,514 [LocalJobRunner Map Task Executor #0] INFO  org.apache.hadoop.mapred.LocalJobRunner - 
2014-10-25 21:35:00,514 [LocalJobRunner Map Task Executor #0] INFO  org.apache.hadoop.mapred.MapTask - Starting flush of map output
2014-10-25 21:35:00,514 [LocalJobRunner Map Task Executor #0] INFO  org.apache.hadoop.mapred.MapTask - Spilling map output
2014-10-25 21:35:00,514 [LocalJobRunner Map Task Executor #0] INFO  org.apache.hadoop.mapred.MapTask - bufstart = 0; bufend = 345; bufvoid = 104857600
2014-10-25 21:35:00,514 [LocalJobRunner Map Task Executor #0] INFO  org.apache.hadoop.mapred.MapTask - kvstart = 26214396(104857584); kvend = 26214308(104857232); length = 89/6553600
2014-10-25 21:35:00,536 [LocalJobRunner Map Task Executor #0] INFO  org.apache.hadoop.mapred.MapTask - Finished spill 0
2014-10-25 21:35:00,537 [LocalJobRunner Map Task Executor #0] INFO  org.apache.hadoop.mapred.Task - Task:attempt_local_0001_m_000000_0 is done. And is in the process of committing
2014-10-25 21:35:00,542 [LocalJobRunner Map Task Executor #0] INFO  org.apache.hadoop.mapred.LocalJobRunner - 
2014-10-25 21:35:00,542 [LocalJobRunner Map Task Executor #0] INFO  org.apache.hadoop.mapred.Task - Task attempt_local_0001_m_000000_0 is allowed to commit now
2014-10-25 21:35:00,543 [LocalJobRunner Map Task Executor #0] WARN  org.apache.hadoop.mapreduce.lib.output.FileOutputCommitter - No Output found for attempt_local_0001_m_000000_0
2014-10-25 21:35:00,547 [LocalJobRunner Map Task Executor #0] INFO  org.apache.hadoop.mapreduce.lib.output.FileOutputCommitter - Saved output of task &apos;attempt_local_0001_m_000000_0&apos; to file:/home/hansondg/workspace/pangool/examples/out-model-com.datasalt.pangool.examples.naivebayes.TestNaiveBayes/_temporary/0/task_local_0001_m_000000
2014-10-25 21:35:00,548 [LocalJobRunner Map Task Executor #0] INFO  org.apache.hadoop.mapred.LocalJobRunner - map
2014-10-25 21:35:00,548 [LocalJobRunner Map Task Executor #0] INFO  org.apache.hadoop.mapred.Task - Task &apos;attempt_local_0001_m_000000_0&apos; done.
2014-10-25 21:35:00,548 [LocalJobRunner Map Task Executor #0] INFO  org.apache.hadoop.mapred.LocalJobRunner - Finishing task: attempt_local_0001_m_000000_0
2014-10-25 21:35:00,548 [Thread-26] INFO  org.apache.hadoop.mapred.LocalJobRunner - Map task executor complete.
2014-10-25 21:35:00,558 [Thread-26] INFO  org.apache.hadoop.mapred.Task -  Using ResourceCalculatorPlugin : org.apache.hadoop.yarn.util.LinuxResourceCalculatorPlugin@4d8ecc36
2014-10-25 21:35:00,562 [Thread-26] INFO  org.apache.hadoop.mapred.Merger - Merging 1 sorted segments
2014-10-25 21:35:00,565 [Thread-26] INFO  org.apache.hadoop.mapred.Merger - Down to the last merge-pass, with 1 segments left of total size: 289 bytes
2014-10-25 21:35:00,565 [Thread-26] INFO  org.apache.hadoop.mapred.LocalJobRunner - 
2014-10-25 21:35:00,567 [Thread-26] WARN  org.apache.hadoop.conf.Configuration - mapred.skip.on is deprecated. Instead, use mapreduce.job.skiprecords
2014-10-25 21:35:00,582 [Thread-26] INFO  org.apache.hadoop.mapred.Task - Task:attempt_local_0001_r_000000_0 is done. And is in the process of committing
2014-10-25 21:35:00,582 [Thread-26] INFO  org.apache.hadoop.mapred.LocalJobRunner - 
2014-10-25 21:35:00,582 [Thread-26] INFO  org.apache.hadoop.mapred.Task - Task attempt_local_0001_r_000000_0 is allowed to commit now
2014-10-25 21:35:00,583 [Thread-26] INFO  org.apache.hadoop.mapreduce.lib.output.FileOutputCommitter - Saved output of task &apos;attempt_local_0001_r_000000_0&apos; to file:/home/hansondg/workspace/pangool/examples/out-model-com.datasalt.pangool.examples.naivebayes.TestNaiveBayes/_temporary/0/_temporary/attempt_local_0001_r_000000_0/_temporary/0/task_local_0001_r_000000
2014-10-25 21:35:00,588 [Thread-26] INFO  org.apache.hadoop.mapreduce.lib.output.FileOutputCommitter - Saved output of task &apos;attempt_local_0001_r_000000_0&apos; to file:/home/hansondg/workspace/pangool/examples/out-model-com.datasalt.pangool.examples.naivebayes.TestNaiveBayes/_temporary/0/task_local_0001_r_000000
2014-10-25 21:35:00,588 [Thread-26] INFO  org.apache.hadoop.mapred.LocalJobRunner - reduce &gt; reduce
2014-10-25 21:35:00,588 [Thread-26] INFO  org.apache.hadoop.mapred.Task - Task &apos;attempt_local_0001_r_000000_0&apos; done.
2014-10-25 21:35:01,426 [main] INFO  org.apache.hadoop.mapreduce.Job - Job job_local_0001 running in uber mode : false
2014-10-25 21:35:01,428 [main] INFO  org.apache.hadoop.mapreduce.Job -  map 100% reduce 100%
2014-10-25 21:35:01,431 [main] INFO  org.apache.hadoop.mapreduce.Job - Job job_local_0001 completed successfully
2014-10-25 21:35:01,447 [main] INFO  org.apache.hadoop.mapreduce.Job - Counters: 27
	File System Counters
		FILE: Number of bytes read=26444
		FILE: Number of bytes written=292204
		FILE: Number of read operations=0
		FILE: Number of large read operations=0
		FILE: Number of write operations=0
	Map-Reduce Framework
		Map input records=3
		Map output records=23
		Map output bytes=345
		Map output materialized bytes=309
		Input split bytes=310
		Combine input records=23
		Combine output records=18
		Reduce input groups=18
		Reduce shuffle bytes=0
		Reduce input records=18
		Reduce output records=18
		Spilled Records=36
		Shuffled Maps =0
		Failed Shuffles=0
		Merged Map outputs=0
		GC time elapsed (ms)=0
		CPU time spent (ms)=0
		Physical memory (bytes) snapshot=0
		Virtual memory (bytes) snapshot=0
		Total committed heap usage (bytes)=514850816
	File Input Format Counters 
		Bytes Read=0
	File Output Format Counters 
		Bytes Written=788
</system-out>
  </testcase>
</testsuite>