<?xml version="1.0" encoding="UTF-8" ?>
<testsuite tests="38" failures="0" name="com.datasalt.pangool.tuplemr.TestConfigBuilder" time="2.311" errors="0" skipped="1">
  <properties>
[...]
</properties>
  <testcase classname="com.datasalt.pangool.tuplemr.TestConfigBuilder" name="testGroupByFieldWithDifferentTypes" time="1.612"/>
  <testcase classname="com.datasalt.pangool.tuplemr.TestConfigBuilder" name="testGroupByObjectDifferentSerialization" time="0.026"/>
  <testcase classname="com.datasalt.pangool.tuplemr.TestConfigBuilder" name="testGroupByObjectSameSerialization" time="0.024"/>
  <testcase classname="com.datasalt.pangool.tuplemr.TestConfigBuilder" name="testRepeatedSchemas" time="0.021"/>
  <testcase classname="com.datasalt.pangool.tuplemr.TestConfigBuilder" name="testGroupByInvalidField" time="0.024"/>
  <testcase classname="com.datasalt.pangool.tuplemr.TestConfigBuilder" name="testCommonOrderPrefixGroupBy" time="0.039"/>
  <testcase classname="com.datasalt.pangool.tuplemr.TestConfigBuilder" name="testCommonOrderPrefixGroupBy2" time="0.04"/>
  <testcase classname="com.datasalt.pangool.tuplemr.TestConfigBuilder" name="testNotRepeatedFieldsInSortBy" time="0.019"/>
  <testcase classname="com.datasalt.pangool.tuplemr.TestConfigBuilder" name="testNotRepeatedSourceOrderInSortBy" time="0.017"/>
  <testcase classname="com.datasalt.pangool.tuplemr.TestConfigBuilder" name="testNotAllowedSourceOrderInOneSource" time="0.018"/>
  <testcase classname="com.datasalt.pangool.tuplemr.TestConfigBuilder" name="testNotAllowedSourceOrderInSecondaryOrder" time="0.013"/>
  <testcase classname="com.datasalt.pangool.tuplemr.TestConfigBuilder" name="testSecondaryOrderExistingSource" time="0.019"/>
  <testcase classname="com.datasalt.pangool.tuplemr.TestConfigBuilder" name="testSecondaryOrderNotNull" time="0.018"/>
  <testcase classname="com.datasalt.pangool.tuplemr.TestConfigBuilder" name="testSecondaryOrderNotEmpty" time="0.018"/>
  <testcase classname="com.datasalt.pangool.tuplemr.TestConfigBuilder" name="testCommonOrderNotNull" time="0.026"/>
  <testcase classname="com.datasalt.pangool.tuplemr.TestConfigBuilder" name="testCommonOrderNotEmpty" time="0.027"/>
  <testcase classname="com.datasalt.pangool.tuplemr.TestConfigBuilder" name="testFieldsRepeatedInCommonAndSecondaryOrder" time="0.017"/>
  <testcase classname="com.datasalt.pangool.tuplemr.TestConfigBuilder" name="testNeedToDeclareCommonOrderWhenSecondary" time="0.02"/>
  <testcase classname="com.datasalt.pangool.tuplemr.TestConfigBuilder" name="testSourceOrderPresentInCommonWhenSecondarySet" time="0.018"/>
  <testcase classname="com.datasalt.pangool.tuplemr.TestConfigBuilder" name="testRollUpCantBeNull" time="0.02"/>
  <testcase classname="com.datasalt.pangool.tuplemr.TestConfigBuilder" name="testRollupPrefixGroupBy" time="0.017"/>
  <testcase classname="com.datasalt.pangool.tuplemr.TestConfigBuilder" name="testRollupNeedsExplicitSortBy" time="0.015"/>
  <testcase classname="com.datasalt.pangool.tuplemr.TestConfigBuilder" name="testSpecificSortingNotAllowedWithOneSource" time="0.015"/>
  <testcase classname="com.datasalt.pangool.tuplemr.TestConfigBuilder" name="testCustomPartitionFieldsNotEmpty" time="0.014"/>
  <testcase classname="com.datasalt.pangool.tuplemr.TestConfigBuilder" name="testCustomPartitionFieldsNotNull" time="0.016"/>
  <testcase classname="com.datasalt.pangool.tuplemr.TestConfigBuilder" name="testCustomPartitionFieldsPresentInAllSources" time="0.015"/>
  <testcase classname="com.datasalt.pangool.tuplemr.TestConfigBuilder" name="testCustomPartitionFieldsPresentWithSameType" time="0.015"/>
  <testcase classname="com.datasalt.pangool.tuplemr.TestConfigBuilder" name="testCustomPartition" time="0.02"/>
  <testcase classname="com.datasalt.pangool.tuplemr.TestConfigBuilder" name="testNotMutableConfig" time="0.021">
    <skipped/>
  </testcase>
  <testcase classname="com.datasalt.pangool.tuplemr.TestConfigBuilder" name="testCommonOrderGeneratedImplicitlyFromGroupFields" time="0.015"/>
  <testcase classname="com.datasalt.pangool.tuplemr.TestConfigBuilder" name="testCorrect2" time="0.015"/>
  <testcase classname="com.datasalt.pangool.tuplemr.TestConfigBuilder" name="testCommonSortByToCriteria" time="0.014"/>
  <testcase classname="com.datasalt.pangool.tuplemr.TestConfigBuilder" name="testAliases1" time="0.015"/>
  <testcase classname="com.datasalt.pangool.tuplemr.TestConfigBuilder" name="testRepeatedAliases" time="0.014"/>
  <testcase classname="com.datasalt.pangool.tuplemr.TestConfigBuilder" name="testAliasesUnknownSchema" time="0.013"/>
  <testcase classname="com.datasalt.pangool.tuplemr.TestConfigBuilder" name="testSortFieldWithDifferentTypes1" time="0.01"/>
  <testcase classname="com.datasalt.pangool.tuplemr.TestConfigBuilder" name="testSortFieldWithDifferentTypes2" time="0.013"/>
  <testcase classname="com.datasalt.pangool.tuplemr.TestConfigBuilder" name="testCorrectMinimal" time="0.018"/>
</testsuite>