<?xml version="1.0" encoding="UTF-8" ?>
<testsuite tests="1" failures="0" name="com.datasalt.pangool.examples.secondarysort.TestSecondarySort" time="1.665" errors="1" skipped="0">
  <properties>
[...]
</properties>
  <testcase classname="com.datasalt.pangool.examples.secondarysort.TestSecondarySort" name="testPangool" time="1.665">
    <error message="Input path does not exist: file:/home/hansondg/workspace/pangool/examples/src/test/resources/secondarysort/test-data.txt" type="org.apache.hadoop.mapreduce.lib.input.InvalidInputException">org.apache.hadoop.mapreduce.lib.input.InvalidInputException: Input path does not exist: file:/home/hansondg/workspace/pangool/examples/src/test/resources/secondarysort/test-data.txt
	at org.apache.hadoop.mapreduce.lib.input.FileInputFormat.listStatus(FileInputFormat.java:243)
	at org.apache.hadoop.mapreduce.lib.input.FileInputFormat.getSplits(FileInputFormat.java:269)
	at com.datasalt.pangool.tuplemr.mapred.lib.input.HadoopInputFormat.getSplits(HadoopInputFormat.java:53)
	at com.datasalt.pangool.tuplemr.mapred.lib.input.DelegatingInputFormat.getSplits(DelegatingInputFormat.java:60)
	at org.apache.hadoop.mapreduce.JobSubmitter.writeNewSplits(JobSubmitter.java:451)
	at org.apache.hadoop.mapreduce.JobSubmitter.writeSplits(JobSubmitter.java:468)
	at org.apache.hadoop.mapreduce.JobSubmitter.submitJobInternal(JobSubmitter.java:360)
	at org.apache.hadoop.mapreduce.Job$11.run(Job.java:1226)
	at org.apache.hadoop.mapreduce.Job$11.run(Job.java:1223)
	at java.security.AccessController.doPrivileged(Native Method)
	at javax.security.auth.Subject.doAs(Subject.java:422)
	at org.apache.hadoop.security.UserGroupInformation.doAs(UserGroupInformation.java:1232)
	at org.apache.hadoop.mapreduce.Job.submit(Job.java:1223)
	at org.apache.hadoop.mapreduce.Job.waitForCompletion(Job.java:1244)
	at com.datasalt.pangool.examples.secondarysort.SecondarySort.run(SecondarySort.java:135)
	at org.apache.hadoop.util.ToolRunner.run(ToolRunner.java:70)
	at com.datasalt.pangool.examples.secondarysort.TestSecondarySort.testPangool(TestSecondarySort.java:38)
	at sun.reflect.NativeMethodAccessorImpl.invoke0(Native Method)
	at sun.reflect.NativeMethodAccessorImpl.invoke(NativeMethodAccessorImpl.java:62)
	at sun.reflect.DelegatingMethodAccessorImpl.invoke(DelegatingMethodAccessorImpl.java:43)
	at java.lang.reflect.Method.invoke(Method.java:483)
	at org.junit.runners.model.FrameworkMethod$1.runReflectiveCall(FrameworkMethod.java:44)
	at org.junit.internal.runners.model.ReflectiveCallable.run(ReflectiveCallable.java:15)
	at org.junit.runners.model.FrameworkMethod.invokeExplosively(FrameworkMethod.java:41)
	at org.junit.internal.runners.statements.InvokeMethod.evaluate(InvokeMethod.java:20)
	at org.junit.internal.runners.statements.RunBefores.evaluate(RunBefores.java:28)
	at org.junit.runners.BlockJUnit4ClassRunner.runNotIgnored(BlockJUnit4ClassRunner.java:79)
	at org.junit.runners.BlockJUnit4ClassRunner.runChild(BlockJUnit4ClassRunner.java:71)
	at org.junit.runners.BlockJUnit4ClassRunner.runChild(BlockJUnit4ClassRunner.java:49)
	at org.junit.runners.ParentRunner$3.run(ParentRunner.java:193)
	at org.junit.runners.ParentRunner$1.schedule(ParentRunner.java:52)
	at org.junit.runners.ParentRunner.runChildren(ParentRunner.java:191)
	at org.junit.runners.ParentRunner.access$000(ParentRunner.java:42)
	at org.junit.runners.ParentRunner$2.evaluate(ParentRunner.java:184)
	at org.junit.runners.ParentRunner.run(ParentRunner.java:236)
	at org.apache.maven.surefire.junit4.JUnit4Provider.execute(JUnit4Provider.java:236)
	at org.apache.maven.surefire.junit4.JUnit4Provider.executeTestSet(JUnit4Provider.java:134)
	at org.apache.maven.surefire.junit4.JUnit4Provider.invoke(JUnit4Provider.java:113)
	at sun.reflect.NativeMethodAccessorImpl.invoke0(Native Method)
	at sun.reflect.NativeMethodAccessorImpl.invoke(NativeMethodAccessorImpl.java:62)
	at sun.reflect.DelegatingMethodAccessorImpl.invoke(DelegatingMethodAccessorImpl.java:43)
	at java.lang.reflect.Method.invoke(Method.java:483)
	at org.apache.maven.surefire.util.ReflectionUtils.invokeMethodWithArray(ReflectionUtils.java:189)
	at org.apache.maven.surefire.booter.ProviderFactory$ProviderProxy.invoke(ProviderFactory.java:165)
	at org.apache.maven.surefire.booter.ProviderFactory.invokeProvider(ProviderFactory.java:85)
	at org.apache.maven.surefire.booter.ForkedBooter.runSuitesInProcess(ForkedBooter.java:103)
	at org.apache.maven.surefire.booter.ForkedBooter.main(ForkedBooter.java:74)
</error>
    <system-out>2014-10-30 20:17:56,897 [main] WARN  org.apache.hadoop.security.authentication.util.KerberosName - Kerberos krb5 configuration not found, setting default realm to empty
2014-10-30 20:17:57,133 [main] WARN  org.apache.hadoop.util.NativeCodeLoader - Unable to load native-hadoop library for your platform... using builtin-java classes where applicable
2014-10-30 20:17:57,203 [main] WARN  org.apache.hadoop.conf.Configuration - session.id is deprecated. Instead, use dfs.metrics.session-id
2014-10-30 20:17:57,203 [main] INFO  org.apache.hadoop.metrics.jvm.JvmMetrics - Initializing JVM Metrics with processName=JobTracker, sessionId=
2014-10-30 20:17:57,226 [main] WARN  org.apache.hadoop.mapreduce.JobSubmitter - No job jar file set.  User classes may not be found. See Job or Job#setJar(String).
2014-10-30 20:17:57,284 [main] INFO  org.apache.hadoop.mapreduce.JobSubmitter - Cleaning up the staging area file:/tmp/hadoop-hansondg/mapred/staging/hansondg-717274640/.staging/job_local_0001
2014-10-30 20:17:57,284 [main] ERROR org.apache.hadoop.security.UserGroupInformation - PriviledgedActionException as:hansondg (auth:SIMPLE) cause:org.apache.hadoop.mapreduce.lib.input.InvalidInputException: Input path does not exist: file:/home/hansondg/workspace/pangool/examples/src/test/resources/secondarysort/test-data.txt
</system-out>
  </testcase>
</testsuite>